TN:
SF:contracts/Arbiter.sol
FN:150,Arbiter.setVerifierProxy
FNDA:2,Arbiter.setVerifierProxy
DA:151,1
FN:155,Arbiter.setPriceMaxStaleness
FNDA:2,Arbiter.setPriceMaxStaleness
DA:156,1
FN:160,Arbiter.setDataFeeds
FNDA:9,Arbiter.setDataFeeds
DA:161,8
DA:162,8
BRDA:162,0,0,1
BRDA:162,0,1,7
DA:163,7
DA:164,8
DA:166,8
DA:169,7
FN:173,Arbiter.setDataStreams
FNDA:3,Arbiter.setDataStreams
DA:174,2
DA:175,2
BRDA:175,1,0,1
BRDA:175,1,1,1
DA:176,1
DA:177,2
DA:179,2
DA:182,1
FN:186,Arbiter.setArbiterJob
FNDA:7,Arbiter.setArbiterJob
DA:193,6
DA:194,6
DA:195,6
BRDA:195,2,0,-
BRDA:195,2,1,6
DA:196,6
BRDA:196,3,0,1
BRDA:196,3,1,5
DA:197,5
BRDA:197,4,0,1
BRDA:197,4,1,4
DA:198,1
DA:200,4
DA:208,4
FN:212,Arbiter.deleteArbiterJob
FNDA:2,Arbiter.deleteArbiterJob
DA:213,1
DA:214,1
FN:218,Arbiter.pushDexAdapter
FNDA:6,Arbiter.pushDexAdapter
DA:219,5
DA:220,5
FN:224,Arbiter.removeDexAdapter
FNDA:4,Arbiter.removeDexAdapter
DA:225,3
DA:226,3
BRDA:226,5,0,1
BRDA:226,5,1,2
DA:227,2
DA:228,2
BRDA:228,6,0,-
BRDA:228,6,1,1
DA:229,1
DA:231,2
DA:232,2
FN:236,Arbiter.flashLiquidityCall
FNDA:0,Arbiter.flashLiquidityCall
DA:237,0
BRDA:237,7,0,-
BRDA:237,7,1,-
DA:238,0
BRDA:238,8,0,-
BRDA:238,8,1,-
DA:239,0
DA:240,0
DA:241,0
DA:242,0
DA:243,0
DA:244,0
DA:245,0
FN:267,Arbiter.performUpkeep
FNDA:0,Arbiter.performUpkeep
DA:268,0
DA:269,0
DA:270,0
DA:280,0
DA:281,0
DA:282,0
DA:283,0
DA:284,0
DA:285,0
DA:288,0
DA:289,0
BRDA:289,9,0,-
BRDA:289,9,1,-
DA:290,0
BRDA:290,10,0,-
BRDA:290,10,1,-
DA:291,0
DA:293,0
DA:296,0
DA:298,0
DA:300,0
DA:301,0
DA:302,0
DA:303,0
DA:304,0
DA:305,0
BRDA:305,11,0,-
BRDA:305,11,1,-
DA:306,0
FN:314,Arbiter._setVerifierProxy
FNDA:1,Arbiter._setVerifierProxy
DA:315,1
DA:316,1
FN:320,Arbiter._setPriceMaxStaleness
FNDA:1,Arbiter._setPriceMaxStaleness
DA:321,1
DA:322,1
FN:333,Arbiter._verifyDataStreamReports
FNDA:0,Arbiter._verifyDataStreamReports
DA:334,0
DA:335,0
DA:336,0
DA:337,0
DA:338,0
DA:339,0
DA:340,0
DA:341,0
DA:342,0
DA:343,0
DA:344,0
DA:345,0
DA:346,0
BRDA:346,12,0,-
BRDA:346,12,1,-
DA:347,0
FN:365,Arbiter._computeRebalancingTrade
FNDA:0,Arbiter._computeRebalancingTrade
DA:372,0
DA:373,0
DA:374,0
BRDA:374,13,0,-
BRDA:374,13,1,-
DA:375,0
DA:378,0
DA:381,0
DA:382,0
DA:383,0
BRDA:383,14,0,-
BRDA:383,14,1,-
DA:384,0
DA:386,0
DA:389,0
DA:390,0
BRDA:390,15,0,-
BRDA:390,15,1,-
DA:391,0
DA:392,0
DA:393,0
FN:406,Arbiter._findBestPool
FNDA:0,Arbiter._findBestPool
DA:411,0
DA:412,0
DA:413,0
DA:414,0
DA:415,0
BRDA:415,16,0,-
BRDA:415,16,1,-
DA:416,0
DA:417,0
DA:418,0
DA:421,0
FN:437,Arbiter._isRebalancingNeeded
FNDA:0,Arbiter._isRebalancingNeeded
DA:443,0
DA:446,0
BRDA:446,17,0,-
BRDA:446,17,1,-
DA:447,0
DA:450,0
DA:451,0
DA:452,0
BRDA:452,18,0,-
BRDA:452,18,1,-
DA:453,0
DA:454,0
DA:455,0
BRDA:455,19,0,-
BRDA:455,19,1,-
DA:456,0
DA:457,0
FN:478,Arbiter._getPriceFromDataFeed
FNDA:0,Arbiter._getPriceFromDataFeed
DA:479,0
DA:480,0
BRDA:480,20,0,-
BRDA:480,20,1,-
DA:481,0
DA:482,0
BRDA:482,21,0,-
BRDA:482,21,1,-
DA:483,0
BRDA:483,22,0,-
BRDA:483,22,1,-
DA:484,0
FN:506,Arbiter.checkUpkeep
FNDA:0,Arbiter.checkUpkeep
DA:507,0
DA:508,0
DA:509,0
DA:510,0
DA:511,0
DA:512,0
DA:513,0
DA:514,0
BRDA:514,23,0,-
BRDA:514,23,1,-
DA:515,0
DA:516,0
DA:517,0
DA:518,0
DA:520,0
DA:522,0
FN:544,Arbiter.checkCallback
FNDA:0,Arbiter.checkCallback
DA:545,0
DA:546,0
DA:547,0
DA:548,0
DA:549,0
DA:550,0
BRDA:550,24,0,-
BRDA:550,24,1,-
DA:551,0
DA:553,0
DA:554,0
DA:555,0
DA:556,0
DA:557,0
FN:561,Arbiter.getVerifierProxy
FNDA:2,Arbiter.getVerifierProxy
DA:562,2
FN:566,Arbiter.getPriceMaxStaleness
FNDA:2,Arbiter.getPriceMaxStaleness
DA:567,2
FN:571,Arbiter.getJobConfig
FNDA:3,Arbiter.getJobConfig
DA:572,3
DA:573,3
FN:584,Arbiter.getDataFeed
FNDA:4,Arbiter.getDataFeed
DA:585,4
FN:589,Arbiter.getDataStream
FNDA:4,Arbiter.getDataStream
DA:590,4
FN:594,Arbiter.getDexAdapter
FNDA:3,Arbiter.getDexAdapter
DA:595,3
FNF:25
FNH:16
LF:157
LH:44
BRF:50
BRH:12
end_of_record
TN:
SF:contracts/adapters/DexAdapter.sol
FN:20,DexAdapter.swap
FNDA:0,DexAdapter.swap
DA:29,0
FN:65,DexAdapter.getMaxOutput
FNDA:2,DexAdapter.getMaxOutput
DA:70,2
FNF:2
FNH:1
LF:2
LH:1
BRF:0
BRH:0
end_of_record
TN:
SF:contracts/adapters/UniswapV2Adapter.sol
FN:41,UniswapV2Adapter.addFactory
FNDA:6,UniswapV2Adapter.addFactory
DA:42,5
DA:43,5
BRDA:43,0,0,-
BRDA:43,0,1,5
DA:44,5
DA:45,5
DA:46,5
DA:47,5
FN:57,UniswapV2Adapter.removeFactory
FNDA:2,UniswapV2Adapter.removeFactory
DA:58,1
DA:59,1
BRDA:59,1,0,-
BRDA:59,1,1,1
DA:60,1
DA:61,1
BRDA:61,2,0,-
BRDA:61,2,1,1
DA:62,1
DA:64,1
FN:68,UniswapV2Adapter._swap
FNDA:0,UniswapV2Adapter._swap
DA:76,0
DA:77,0
BRDA:77,3,0,-
BRDA:77,3,1,-
DA:78,0
DA:79,0
DA:82,0
BRDA:82,4,0,-
BRDA:82,4,1,-
DA:83,0
FN:87,UniswapV2Adapter._getMaxOutput
FNDA:1,UniswapV2Adapter._getMaxOutput
DA:93,1
DA:94,1
DA:95,1
DA:96,1
DA:97,1
DA:98,1
DA:99,1
DA:100,1
DA:101,1
DA:102,1
BRDA:102,5,0,1
BRDA:102,5,1,1
DA:103,1
DA:104,1
DA:106,1
BRDA:106,6,0,1
BRDA:106,6,1,1
DA:107,1
DA:108,1
DA:112,1
FN:127,UniswapV2Adapter._getAmountOut
FNDA:1,UniswapV2Adapter._getAmountOut
DA:134,1
DA:135,1
DA:136,1
DA:137,1
BRDA:137,7,0,1
BRDA:137,7,1,1
DA:138,1
DA:139,1
FN:152,UniswapV2Adapter.getFactoryAtIndex
FNDA:2,UniswapV2Adapter.getFactoryAtIndex
DA:157,2
DA:158,2
DA:159,2
DA:160,2
FNF:6
FNH:5
LF:44
LH:38
BRF:16
BRH:9
end_of_record
TN:
SF:contracts/adapters/UniswapV3Adapter.sol
FN:62,UniswapV3Adapter.addFactory
FNDA:6,UniswapV3Adapter.addFactory
DA:63,5
DA:64,5
BRDA:64,0,0,-
BRDA:64,0,1,5
DA:65,5
DA:66,5
DA:67,5
DA:68,5
FN:78,UniswapV3Adapter.removeFactory
FNDA:2,UniswapV3Adapter.removeFactory
DA:79,1
DA:80,1
BRDA:80,1,0,-
BRDA:80,1,1,1
DA:81,1
DA:82,1
BRDA:82,2,0,-
BRDA:82,2,1,1
DA:83,1
DA:85,1
FN:95,UniswapV3Adapter.AddFactoryFees
FNDA:0,UniswapV3Adapter.AddFactoryFees
DA:96,0
DA:97,0
BRDA:97,3,0,-
BRDA:97,3,1,-
DA:98,0
DA:99,0
DA:100,0
FN:112,UniswapV3Adapter.RemoveFactoryFee
FNDA:0,UniswapV3Adapter.RemoveFactoryFee
DA:113,0
DA:114,0
BRDA:114,4,0,-
BRDA:114,4,1,-
DA:115,0
DA:116,0
BRDA:116,5,0,-
BRDA:116,5,1,-
DA:117,0
BRDA:117,6,0,-
BRDA:117,6,1,-
DA:118,0
DA:120,0
FN:124,UniswapV3Adapter.uniswapV3SwapCallback
FNDA:0,UniswapV3Adapter.uniswapV3SwapCallback
DA:128,0
BRDA:128,7,0,-
BRDA:128,7,1,-
DA:129,0
DA:130,0
BRDA:130,8,0,-
BRDA:130,8,1,-
DA:131,0
BRDA:131,9,0,-
BRDA:131,9,1,-
DA:132,0
DA:134,0
DA:135,0
FN:139,UniswapV3Adapter._swap
FNDA:0,UniswapV3Adapter._swap
DA:143,0
DA:144,0
BRDA:144,10,0,-
BRDA:144,10,1,-
DA:145,0
DA:146,0
DA:147,0
BRDA:147,11,0,-
BRDA:147,11,1,-
DA:148,0
DA:149,0
DA:150,0
FN:160,UniswapV3Adapter._getMaxOutput
FNDA:1,UniswapV3Adapter._getMaxOutput
DA:166,1
DA:167,1
DA:168,1
DA:169,1
DA:170,1
DA:171,1
DA:178,1
DA:179,1
DA:180,1
DA:181,1
DA:182,1
BRDA:182,12,0,1
BRDA:182,12,1,1
DA:183,1
DA:184,1
FN:199,UniswapV3Adapter._getMaxOutputForFactory
FNDA:1,UniswapV3Adapter._getMaxOutputForFactory
DA:204,1
DA:205,1
DA:206,1
DA:207,1
DA:208,1
DA:209,1
DA:210,1
DA:211,2
DA:212,2
DA:213,2
BRDA:213,13,0,1
BRDA:213,13,1,2
DA:214,2
DA:215,2
DA:216,2
DA:217,2
BRDA:217,14,0,1
BRDA:217,14,1,2
DA:218,2
DA:219,2
BRDA:219,15,0,1
BRDA:219,15,1,2
DA:220,1
DA:221,1
DA:226,2
FN:240,UniswapV3Adapter.getFactoryAtIndex
FNDA:2,UniswapV3Adapter.getFactoryAtIndex
DA:245,2
DA:246,2
DA:247,2
DA:248,2
FNF:9
FNH:5
LF:75
LH:48
BRF:32
BRH:11
end_of_record
